<?xml version="1.0" encoding="UTF-8"?>
<testng-results ignored="1" total="2" passed="1" failed="0" skipped="0">
  <reporter-output>
  </reporter-output>
  <suite started-at="2022-10-07T21:11:50 IST" name="Default suite" finished-at="2022-10-07T21:11:50 IST" duration-ms="107">
    <groups>
    </groups>
    <test started-at="2022-10-07T21:11:50 IST" name="Default test" finished-at="2022-10-07T21:11:50 IST" duration-ms="107">
      <class name="get.schema">
        <test-method signature="foreignplayers()[pri:0, instance:get.schema@cad498c]" started-at="2022-10-07T21:11:50 IST" name="foreignplayers" finished-at="2022-10-07T21:11:50 IST" duration-ms="31" status="PASS">
          <reporter-output>
          </reporter-output>
        </test-method> <!-- foreignplayers -->
      </class> <!-- get.schema -->
    </test> <!-- Default test -->
  </suite> <!-- Default suite -->
</testng-results>
